<?xml version="1.0" encoding="UTF-8"?>
<!-- Generated by org.testng.reporters.JUnitReportReporter -->
<testsuite hostname="DESKTOP-B1CUU75" failures="0" tests="4" name="Mysecondproject" time="24.407" errors="0" timestamp="2024-11-06T17:57:40 GMT+03:00" skipped="0">
  <testcase classname="Mysecondproject" name="signUp" time="8.476"/>
  <system-out/>
  <testcase classname="Mysecondproject" name="Logout" time="4.789"/>
  <system-out/>
  <testcase classname="Mysecondproject" name="Login" time="0.936"/>
  <system-out/>
  <testcase classname="Mysecondproject" name="AddItemToThecart" time="10.206"/>
  <system-out/>
</testsuite> <!-- Mysecondproject -->
