<?xml version="1.0" encoding="UTF-8"?>
<!-- Generated by org.testng.reporters.JUnitReportReporter -->
<testsuite hostname="DESKTOP-B1CUU75" failures="0" tests="3" name="myclass2" time="0.640" errors="0" timestamp="2024-10-08T16:01:18 GMT+03:00" skipped="0">
  <testcase classname="myclass2" name="login" time="0.387"/>
  <system-out/>
  <testcase classname="myclass2" name="Addtocard" time="0.251"/>
  <system-out/>
  <testcase classname="myclass2" name="ShoppingCart" time="0.002"/>
  <system-out/>
</testsuite> <!-- myclass2 -->
